2020 - 07 - 22 22:11:45 TestMail126AddContacts.py[line: 32] INFO 126邮箱添加联系人数据驱动测试开始...
2020 - 07 - 22 22:11:53 TestMail126AddContacts.py[line: 50] INFO 启动浏览器，访问126邮箱主页...
2020 - 07 - 22 22:11:59 TestMail126AddContacts.py[line: 58] INFO 用户a1397988595@126.com登录后，断言页面关键字'收信'成功
2020 - 07 - 22 22:12:03 TestMail126AddContacts.py[line: 89] INFO 添加联系人 lily 成功
2020 - 07 - 22 22:12:03 TestMail126AddContacts.py[line: 103] INFO 断言关键字 lily@qq.com 成功
2020 - 07 - 22 22:12:08 TestMail126AddContacts.py[line: 89] INFO 添加联系人 张三 成功
2020 - 07 - 22 22:12:08 TestMail126AddContacts.py[line: 103] INFO 断言关键字 zhang@qq.com 成功
2020 - 07 - 22 22:12:08 TestMail126AddContacts.py[line: 105] INFO 联系人 张三 被忽略执行
2020 - 07 - 22 22:12:13 TestMail126AddContacts.py[line: 89] INFO 添加联系人 李四 成功
2020 - 07 - 22 22:12:13 TestMail126AddContacts.py[line: 103] INFO 断言关键字 李四 成功
2020 - 07 - 22 22:12:13 TestMail126AddContacts.py[line: 111] INFO 为用户 a1397988595@126.com 添加3个联系人，3个成功
2020 - 07 - 22 22:19:54 TestMail126AddContacts.py[line: 32] INFO 126邮箱添加联系人数据驱动测试开始...
2020 - 07 - 22 22:20:02 TestMail126AddContacts.py[line: 50] INFO 启动浏览器，访问126邮箱主页...
2020 - 07 - 22 22:20:08 TestMail126AddContacts.py[line: 58] INFO 用户a1397988595@126.com登录后，断言页面关键字'收信'成功
2020 - 07 - 22 22:20:13 TestMail126AddContacts.py[line: 89] INFO 添加联系人 lily 成功
2020 - 07 - 22 22:20:13 TestMail126AddContacts.py[line: 118] DEBUG 数据驱动框架主程序发生异常，异常信息为：None
2020 - 07 - 22 22:20:24 TestMail126AddContacts.py[line: 32] INFO 126邮箱添加联系人数据驱动测试开始...
2020 - 07 - 22 22:20:33 TestMail126AddContacts.py[line: 50] INFO 启动浏览器，访问126邮箱主页...
2020 - 07 - 22 22:20:39 TestMail126AddContacts.py[line: 58] INFO 用户a1397988595@126.com登录后，断言页面关键字'收信'成功
2020 - 07 - 22 22:20:44 TestMail126AddContacts.py[line: 89] INFO 添加联系人 lily 成功
2020 - 07 - 22 22:20:44 TestMail126AddContacts.py[line: 103] INFO 断言关键字 lily@qq.com 成功
2020 - 07 - 22 22:20:48 TestMail126AddContacts.py[line: 89] INFO 添加联系人 张三 成功
2020 - 07 - 22 22:20:48 TestMail126AddContacts.py[line: 103] INFO 断言关键字 zhang@qq.com 成功
2020 - 07 - 22 22:20:48 TestMail126AddContacts.py[line: 105] INFO 联系人 张三 被忽略执行
2020 - 07 - 22 22:20:53 TestMail126AddContacts.py[line: 89] INFO 添加联系人 李四 成功
2020 - 07 - 22 22:20:53 TestMail126AddContacts.py[line: 103] INFO 断言关键字 李四 成功
2020 - 07 - 22 22:20:53 TestMail126AddContacts.py[line: 111] INFO 为用户 a1397988595@126.com 添加3个联系人，3个成功
2020 - 07 - 22 22:20:55 TestMail126AddContacts.py[line: 111] INFO 为用户 a1397988595@126.com 添加3个联系人，3个成功
